107.10.20 11:13 B D:\Life\Buddha\Web_Pages\newrain\2007_0926_Rain_suspended\support\Dhamma-Rain\Suspended-Files\pali-tipitaka-f1\3-Samyuttanikaya\c-Samyutta.doc --> www.dhammarain.org.tw /canon/pali-tipitaka-f1/3-Samyuttanikaya/ c-Samyutta.doc
107.10.20 11:16 B D:\Life\Buddha\Web_Pages\newrain\2007_0926_Rain_suspended\support\Dhamma-Rain\Suspended-Files\pali-tipitaka-f1\3-Samyuttanikaya\c-Samyutta.doc --> www.dhammarain.org.tw /canon/pali-tipitaka-f1/3-Samyuttanikaya/ c-Samyutta.doc
107.10.20 11:16 B D:\Life\Buddha\Web_Pages\newrain\2007_0926_Rain_suspended\support\Dhamma-Rain\Suspended-Files\pali-tipitaka-f1\3-Samyuttanikaya\cat-56-Samyutta.doc --> www.dhammarain.org.tw /canon/pali-tipitaka-f1/3-Samyuttanikaya/ cat-56-Samyutta.doc
107.10.20 11:16 B D:\Life\Buddha\Web_Pages\newrain\2007_0926_Rain_suspended\support\Dhamma-Rain\Suspended-Files\pali-tipitaka-f1\3-Samyuttanikaya\S-1-(1-11).doc --> www.dhammarain.org.tw /canon/pali-tipitaka-f1/3-Samyuttanikaya/ S-1-(1-11).doc
107.10.20 11:17 B D:\Life\Buddha\Web_Pages\newrain\2007_0926_Rain_suspended\support\Dhamma-Rain\Suspended-Files\pali-tipitaka-f1\3-Samyuttanikaya\S-1--Sagathavagga-tika.doc --> www.dhammarain.org.tw /canon/pali-tipitaka-f1/3-Samyuttanikaya/ S-1--Sagathavagga-tika.doc
107.10.20 11:19 B D:\Life\Buddha\Web_Pages\newrain\2007_0926_Rain_suspended\support\Dhamma-Rain\Suspended-Files\pali-tipitaka-f1\3-Samyuttanikaya\S-1-n-com.doc --> www.dhammarain.org.tw /canon/pali-tipitaka-f1/3-Samyuttanikaya/ S-1-n-com.doc
107.10.20 11:20 B D:\Life\Buddha\Web_Pages\newrain\2007_0926_Rain_suspended\support\Dhamma-Rain\Suspended-Files\pali-tipitaka-f1\3-Samyuttanikaya\S-1-Sagathavagga-atthakatha.doc --> www.dhammarain.org.tw /canon/pali-tipitaka-f1/3-Samyuttanikaya/ S-1-Sagathavagga-atthakatha.doc
107.10.20 11:21 B D:\Life\Buddha\Web_Pages\newrain\2007_0926_Rain_suspended\support\Dhamma-Rain\Suspended-Files\pali-tipitaka-f1\3-Samyuttanikaya\S-1-Sagathavaggo(1-11)c.doc --> www.dhammarain.org.tw /canon/pali-tipitaka-f1/3-Samyuttanikaya/ S-1-Sagathavaggo(1-11)c.doc
107.10.20 11:21 B D:\Life\Buddha\Web_Pages\newrain\2007_0926_Rain_suspended\support\Dhamma-Rain\Suspended-Files\pali-tipitaka-f1\3-Samyuttanikaya\S-2-(12-21).doc --> www.dhammarain.org.tw /canon/pali-tipitaka-f1/3-Samyuttanikaya/ S-2-(12-21).doc
107.10.20 11:21 B D:\Life\Buddha\Web_Pages\newrain\2007_0926_Rain_suspended\support\Dhamma-Rain\Suspended-Files\pali-tipitaka-f1\3-Samyuttanikaya\S-2--Nidanavagga-tika.doc --> www.dhammarain.org.tw /canon/pali-tipitaka-f1/3-Samyuttanikaya/ S-2--Nidanavagga-tika.doc
107.10.20 11:23 B D:\Life\Buddha\Web_Pages\newrain\2007_0926_Rain_suspended\support\Dhamma-Rain\Suspended-Files\pali-tipitaka-f1\3-Samyuttanikaya\S-2-n-com.doc --> www.dhammarain.org.tw /canon/pali-tipitaka-f1/3-Samyuttanikaya/ S-2-n-com.doc
107.10.20 11:24 B D:\Life\Buddha\Web_Pages\newrain\2007_0926_Rain_suspended\support\Dhamma-Rain\Suspended-Files\pali-tipitaka-f1\3-Samyuttanikaya\S-2-Nidanavagga(12-21)c.doc --> www.dhammarain.org.tw /canon/pali-tipitaka-f1/3-Samyuttanikaya/ S-2-Nidanavagga(12-21)c.doc
107.10.20 11:24 B D:\Life\Buddha\Web_Pages\newrain\2007_0926_Rain_suspended\support\Dhamma-Rain\Suspended-Files\pali-tipitaka-f1\3-Samyuttanikaya\S-2-Nidanavagga-atthakatha.doc --> www.dhammarain.org.tw /canon/pali-tipitaka-f1/3-Samyuttanikaya/ S-2-Nidanavagga-atthakatha.doc
107.10.20 11:25 B D:\Life\Buddha\Web_Pages\newrain\2007_0926_Rain_suspended\support\Dhamma-Rain\Suspended-Files\pali-tipitaka-f1\3-Samyuttanikaya\S-3-(22-34).doc --> www.dhammarain.org.tw /canon/pali-tipitaka-f1/3-Samyuttanikaya/ S-3-(22-34).doc
107.10.20 11:25 B D:\Life\Buddha\Web_Pages\newrain\2007_0926_Rain_suspended\support\Dhamma-Rain\Suspended-Files\pali-tipitaka-f1\3-Samyuttanikaya\S-3--Khandhavagga-tika.doc --> www.dhammarain.org.tw /canon/pali-tipitaka-f1/3-Samyuttanikaya/ S-3--Khandhavagga-tika.doc
107.10.20 11:26 B D:\Life\Buddha\Web_Pages\newrain\2007_0926_Rain_suspended\support\Dhamma-Rain\Suspended-Files\pali-tipitaka-f1\3-Samyuttanikaya\S-3-Khandhavagga(22-34)c.doc --> www.dhammarain.org.tw /canon/pali-tipitaka-f1/3-Samyuttanikaya/ S-3-Khandhavagga(22-34)c.doc
107.10.20 11:26 B D:\Life\Buddha\Web_Pages\newrain\2007_0926_Rain_suspended\support\Dhamma-Rain\Suspended-Files\pali-tipitaka-f1\3-Samyuttanikaya\S-3-Khandhavagga-atthakatha.doc --> www.dhammarain.org.tw /canon/pali-tipitaka-f1/3-Samyuttanikaya/ S-3-Khandhavagga-atthakatha.doc
107.10.20 11:27 B D:\Life\Buddha\Web_Pages\newrain\2007_0926_Rain_suspended\support\Dhamma-Rain\Suspended-Files\pali-tipitaka-f1\3-Samyuttanikaya\S-3-n-com.doc --> www.dhammarain.org.tw /canon/pali-tipitaka-f1/3-Samyuttanikaya/ S-3-n-com.doc
107.10.20 11:29 B D:\Life\Buddha\Web_Pages\newrain\2007_0926_Rain_suspended\support\Dhamma-Rain\Suspended-Files\pali-tipitaka-f1\3-Samyuttanikaya\S-4-(35-44).doc --> www.dhammarain.org.tw /canon/pali-tipitaka-f1/3-Samyuttanikaya/ S-4-(35-44).doc
107.10.20 11:29 B D:\Life\Buddha\Web_Pages\newrain\2007_0926_Rain_suspended\support\Dhamma-Rain\Suspended-Files\pali-tipitaka-f1\3-Samyuttanikaya\S-4--Salayatanavagga-tika.doc --> www.dhammarain.org.tw /canon/pali-tipitaka-f1/3-Samyuttanikaya/ S-4--Salayatanavagga-tika.doc
107.10.20 11:31 B D:\Life\Buddha\Web_Pages\newrain\2007_0926_Rain_suspended\support\Dhamma-Rain\Suspended-Files\pali-tipitaka-f1\3-Samyuttanikaya\S-4-n-com.doc --> www.dhammarain.org.tw /canon/pali-tipitaka-f1/3-Samyuttanikaya/ S-4-n-com.doc
107.10.20 14:40 B D:\Life\Buddha\Web_Pages\newrain\2007_0926_Rain_suspended\support\Dhamma-Rain\Suspended-Files\pali-tipitaka-f1\3-Samyuttanikaya\S-4-Salayatanavagga(35-44)c.doc --> www.dhammarain.org.tw /canon/pali-tipitaka-f1/3-Samyuttanikaya/ S-4-Salayatanavagga(35-44)c.doc
107.10.20 14:41 B D:\Life\Buddha\Web_Pages\newrain\2007_0926_Rain_suspended\support\Dhamma-Rain\Suspended-Files\pali-tipitaka-f1\3-Samyuttanikaya\S-4-Salayatanavagga-atthakatha.doc --> www.dhammarain.org.tw /canon/pali-tipitaka-f1/3-Samyuttanikaya/ S-4-Salayatanavagga-atthakatha.doc
107.10.20 14:42 B D:\Life\Buddha\Web_Pages\newrain\2007_0926_Rain_suspended\support\Dhamma-Rain\Suspended-Files\pali-tipitaka-f1\3-Samyuttanikaya\S-5-(45-56).doc --> www.dhammarain.org.tw /canon/pali-tipitaka-f1/3-Samyuttanikaya/ S-5-(45-56).doc
107.10.20 14:42 B D:\Life\Buddha\Web_Pages\newrain\2007_0926_Rain_suspended\support\Dhamma-Rain\Suspended-Files\pali-tipitaka-f1\3-Samyuttanikaya\S-5--Mahavagga-tika.doc --> www.dhammarain.org.tw /canon/pali-tipitaka-f1/3-Samyuttanikaya/ S-5--Mahavagga-tika.doc
107.10.20 14:43 B D:\Life\Buddha\Web_Pages\newrain\2007_0926_Rain_suspended\support\Dhamma-Rain\Suspended-Files\pali-tipitaka-f1\3-Samyuttanikaya\S-5-Mahavagga-atthakatha.doc --> www.dhammarain.org.tw /canon/pali-tipitaka-f1/3-Samyuttanikaya/ S-5-Mahavagga-atthakatha.doc
107.10.20 14:44 B D:\Life\Buddha\Web_Pages\newrain\2007_0926_Rain_suspended\support\Dhamma-Rain\Suspended-Files\pali-tipitaka-f1\3-Samyuttanikaya\S-5-Mahavaggo(45-56)c.doc --> www.dhammarain.org.tw /canon/pali-tipitaka-f1/3-Samyuttanikaya/ S-5-Mahavaggo(45-56)c.doc
107.10.20 14:47 B D:\Life\Buddha\Web_Pages\newrain\2007_0926_Rain_suspended\support\Dhamma-Rain\Suspended-Files\pali-tipitaka-f1\3-Samyuttanikaya\S-5-n-com.doc --> www.dhammarain.org.tw /canon/pali-tipitaka-f1/3-Samyuttanikaya/ S-5-n-com.doc
107.10.20 14:47 B D:\Life\Buddha\Web_Pages\newrain\2007_0926_Rain_suspended\support\Dhamma-Rain\Suspended-Files\pali-tipitaka-f1\3-Samyuttanikaya\Sa(1scroll)-vs-Sa.doc --> www.dhammarain.org.tw /canon/pali-tipitaka-f1/3-Samyuttanikaya/ Sa(1scroll)-vs-Sa.doc
107.10.20 14:47 B D:\Life\Buddha\Web_Pages\newrain\2007_0926_Rain_suspended\support\Dhamma-Rain\Suspended-Files\pali-tipitaka-f1\3-Samyuttanikaya\Sa-vs-Sn.doc --> www.dhammarain.org.tw /canon/pali-tipitaka-f1/3-Samyuttanikaya/ Sa-vs-Sn.doc
107.10.20 14:49 B D:\Life\Buddha\Web_Pages\newrain\2007_0926_Rain_suspended\support\Dhamma-Rain\Suspended-Files\pali-tipitaka-f1\3-Samyuttanikaya\Samyutta-atthakatha.doc --> www.dhammarain.org.tw /canon/pali-tipitaka-f1/3-Samyuttanikaya/ Samyutta-atthakatha.doc
107.10.20 14:53 B D:\Life\Buddha\Web_Pages\newrain\2007_0926_Rain_suspended\support\Dhamma-Rain\Suspended-Files\pali-tipitaka-f1\3-Samyuttanikaya\Samyutta-PTS.doc --> www.dhammarain.org.tw /canon/pali-tipitaka-f1/3-Samyuttanikaya/ Samyutta-PTS.doc
107.10.20 14:55 B D:\Life\Buddha\Web_Pages\newrain\2007_0926_Rain_suspended\support\Dhamma-Rain\Suspended-Files\pali-tipitaka-f1\3-Samyuttanikaya\samyutta-tika.doc --> www.dhammarain.org.tw /canon/pali-tipitaka-f1/3-Samyuttanikaya/ samyutta-tika.doc
107.10.20 14:55 B D:\Life\Buddha\Web_Pages\newrain\2007_0926_Rain_suspended\support\Dhamma-Rain\Suspended-Files\pali-tipitaka-f1\3-Samyuttanikaya\Sn-vs-Sa-simple.doc --> www.dhammarain.org.tw /canon/pali-tipitaka-f1/3-Samyuttanikaya/ Sn-vs-Sa-simple.doc
107.10.20 14:56 B D:\Life\Buddha\Web_Pages\newrain\2007_0926_Rain_suspended\support\Dhamma-Rain\Suspended-Files\pali-tipitaka-f1\3-Samyuttanikaya\Sn-vs-Sa.doc --> www.dhammarain.org.tw /canon/pali-tipitaka-f1/3-Samyuttanikaya/ Sn-vs-Sa.doc
107.10.20 14:56 B D:\Life\Buddha\Web_Pages\newrain\2007_0926_Rain_suspended\support\Dhamma-Rain\Suspended-Files\pali-tipitaka-f1\3-Samyuttanikaya\Spk-table.doc --> www.dhammarain.org.tw /canon/pali-tipitaka-f1/3-Samyuttanikaya/ Spk-table.doc
107.10.20 14:56 B D:\Life\Buddha\Web_Pages\newrain\2007_0926_Rain_suspended\support\Dhamma-Rain\Suspended-Files\pali-tipitaka-f1\3-Samyuttanikaya\SSa-vs-Sa.doc --> www.dhammarain.org.tw /canon/pali-tipitaka-f1/3-Samyuttanikaya/ SSa-vs-Sa.doc
107.10.20 14:56 B D:\Life\Buddha\Web_Pages\newrain\2007_0926_Rain_suspended\support\Dhamma-Rain\Suspended-Files\pali-tipitaka-f1\3-Samyuttanikaya\±¶®| -  Samyuttanikaya-pu-vi.doc.lnk --> www.dhammarain.org.tw /canon/pali-tipitaka-f1/3-Samyuttanikaya/ ±¶®| -  Samyuttanikaya-pu-vi.doc.lnk
